This is TeX, Version 3.1415 (C version 6.1) (format=plain 94.2.3)  18 MAR 1994 08:54
**oneline
(oneline.tex aa ad
Missing character: There is no d in font padrd!
Missing character: There is no o in font padrd!
Missing character: There is no b in font padrd!
Missing character: There is no e in font padrd!
Missing character: There is no a in font padrd!
Missing character: There is no r in font padrd!
Missing character: There is no a in font padrd!
Missing character: There is no m in font padrd!
Missing character: There is no o in font padrd!
Missing character: There is no n in font padrd!
Missing character: There is no d in font padrd!
Missing character: There is no a in font padrd!
Missing character: There is no b in font padrd!
Missing character: There is no c in font padrd!
Missing character: There is no d in font padrd!
Missing character: There is no e in font padrd!
Missing character: There is no f in font padrd!
Missing character: There is no g in font padrd!
Missing character: There is no h in font padrd!
Missing character: There is no i in font padrd!
Missing character: There is no j in font padrd!
Missing character: There is no k in font padrd!
Missing character: There is no l in font padrd!
Missing character: There is no m in font padrd!
Missing character: There is no n in font padrd!
Missing character: There is no o in font padrd!
Missing character: There is no p in font padrd!
Missing character: There is no q in font padrd!
Missing character: There is no r in font padrd!
Missing character: There is no s in font padrd!
Missing character: There is no t in font padrd!
Missing character: There is no u in font padrd!
Missing character: There is no v in font padrd!
Missing character: There is no w in font padrd!
Missing character: There is no x in font padrd!
Missing character: There is no y in font padrd!
Missing character: There is no z in font padrd!
 ag bd bu bk c3 c5 cr hv [1] lb nc pl sv sy tm ub zc zd
[2] )
Output written on oneline.dvi (2 pages, 11656 bytes).
