This is TeX, Version 3.1415 (C version 6.1) (format=plain 94.2.3)  17 MAR 1994 11:56
**online
(/u/karl/tex/macros/online.tex
{vertical mode: \tracingstats}
{\tracingpages}
{\tracingoutput}
{\tracinglostchars}
{\tracingmacros}
{\tracingparagraphs}
{\tracingrestores}
{\showboxbreadth}
{\showboxdepth}
{\errorstopmode}

{\scrollmode}

)
*\end
{\end}
 
Here is how much of TeX's memory you used:
 4 strings out of 13038
 55 string characters out of 96213
 5905 words of memory out of 262141
 923 multiletter control sequences out of 9500
 14794 words of font info for 50 fonts, out of 100000 for 255
 14 hyphenation exceptions out of 607
 2i,0n,0p,73b,6s stack positions out of 300i,40n,60p,3000b,4000s
No pages of output.
