gcc -c  -O2 -m486 -I/usr/local/include/CC  -I./X11 -I/usr/X386/include  -DFreeBSD 	 -DNO_REGEX    main.C
gcc -c  -O2 -m486 -I/usr/local/include/CC  -I./X11 -I/usr/X386/include  -DFreeBSD 	 -DNO_REGEX    util.C
gcc -c  -O2 -m486 -I/usr/local/include/CC  -I./X11 -I/usr/X386/include  -DFreeBSD 	 -DNO_REGEX    card.C
gcc -c  -O2 -m486 -I/usr/local/include/CC  -I./X11 -I/usr/X386/include  -DFreeBSD 	 -DNO_REGEX    cardbitmaps.C
gcc -c  -O2 -m486 -I/usr/local/include/CC  -I./X11 -I/usr/X386/include  -DFreeBSD 	 -DNO_REGEX    stack.C
stack.C: In method `StackPlayRec::StackPlayRec (int, int)':
stack.C:229: warning: ANSI C++ forbids old style base class initialization
stack.C: In method `StackSingleRec::StackSingleRec (int, int)':
stack.C:251: warning: ANSI C++ forbids old style base class initialization
stack.C: In method `StackDoneRec::StackDoneRec (int, int)':
stack.C:275: warning: ANSI C++ forbids old style base class initialization
gcc -c  -O2 -m486 -I/usr/local/include/CC  -I./X11 -I/usr/X386/include  -DFreeBSD 	 -DNO_REGEX    score.C
gcc -c  -O2 -m486 -I/usr/local/include/CC  -I./X11 -I/usr/X386/include  -DFreeBSD 	 -DNO_REGEX    auto.C
auto.C: In function `void  LogSolution (class CardRange, int)':
auto.C:383: warning: ANSI C++ forbids incrementing an enum
auto.C:386: warning: ANSI C++ forbids decrementing an enum
auto.C: In method `MoveCard::MoveCard (class Card&, class Dest&, auto void (class Dest::*)(class Card&))':
auto.C:526: warning: ANSI C++ forbids old style base class initialization
auto.C: In method `MoveCardRange::MoveCardRange (class CardRange&, class Dest&)':
auto.C:534: warning: ANSI C++ forbids old style base class initialization
auto.C: In method `int  Tableaux::FillAces ()':
auto.C:620: warning: ANSI C++ forbids incrementing an enum
auto.C:655: warning: ANSI C++ forbids incrementing an enum
auto.C: In method `int  Tableaux::Solve ()':
auto.C:699: warning: ANSI C++ forbids incrementing an enum
auto.C:726: warning: ANSI C++ forbids incrementing an enum
auto.C: In method `Tableaux::Tableaux (char *)':
auto.C:882: warning: ANSI C++ forbids incrementing an enum
auto.C:883: warning: ANSI C++ forbids incrementing an enum
rm -f seahaven
gcc -o seahaven main.o util.o card.o cardbitmaps.o stack.o score.o auto.o  -O2 -m486  -L/usr/X386/lib  -s -lXext 			 -lX11 -lg++ 
