gcc  -O -c main.c
gcc  -O -c serial.c
gcc  -O -c misc.c
gcc  -O -c link.c
gcc  -O -c pty.c
gcc  -O -c compress.c
gcc  -O -c checksum.c
gcc  -O -c meta.c
gcc  -O -c statistics.c
gcc  -O -c sevenbit.c
gcc  -O -c lib.c
gcc  -O -c client.c
gcc  -O -c terminal.c
gcc  -O -c select.c
gcc  -O -c socket.c
gcc  -O -c connect.c
rm -f client.a
ar rc client.a lib.o client.o terminal.o select.o socket.o connect.o
ranlib client.a
gcc  -O -o term main.o serial.o misc.o link.o pty.o compress.o  checksum.o meta.o statistics.o sevenbit.o  client.a
gcc  -O -c trshell.c
gcc  -O -o trsh trshell.o client.a
gcc  -O -c upload.c
gcc  -O -o tupload upload.o client.a
gcc  -O -c xconn.c
gcc  -O -o txconn xconn.o client.a
gcc  -O -c redir.c
gcc  -O -o tredir redir.o client.a
gcc  -O -c tmon.c
gcc  -O -o tmon tmon.o client.a -ltermcap
done
