This is TeX, C Version 3.14t3 (format=plain 93.4.16)  16 MAY 1993 11:00
**trip.tex
(trip.tex
! Font \nullfont has only 7 fontdimen parameters.
<recently read> \nullfont 
                          
l.21   \fontdimen12\nullfont
                            =13pt % give the null font more parameters
? 
! Font \trip=trip not loadable: Metric (TFM) file not found.
<to be read again> 
                   \relax 
l.22   \font\trip = trip\relax
                               % see TRIP.PL for details of this font
? 
! Font \smalltrip=trip scaled 500 not loadable: Metric (TFM) file not found.
l.23   ^^?trip  \font\smalltrip=trip scaled 500 
                                                % this will be our symbols font

? 
! Font \smalltrip has only 7 fontdimen parameters.
<recently read> \smalltrip 
                           
l.24   \global\fontdimen22\smalltrip
                                     7pt % the axis height
? x
No pages of output.
