This is TeX, C Version 2.9 (preloaded format=lplain 88.11.14)  16 FEB 1989 12:59
**&glplain dvidrive.ltx
(/dvidrive.ltx
LaTeX Version 2.09 <15 Sep 1987>
(/usr/tex/LaTeX_lrz/article.sty
Document Style `article' <12 Oct 87>.
Modified at LRZ Muenchen, 25 Mar 88.
(/usr/tex/LaTeX_lrz/art11.sty)
\c@part=\count78
\c@section=\count79
\c@subsection=\count80
\c@subsubsection=\count81
\c@paragraph=\count82
\c@subparagraph=\count83
\c@figure=\count84
\c@table=\count85
) (/usr/tex/LaTeX_lrz/titlepage.sty)
! I can't find file `idx.sty'.
<to be read again> 
                   \relax 
\@optionfiles ...ge.sty\relax \@elt idx.sty\relax 
                                                  \@elt dvidriver.sty\relax 
\@documentstyle ...let \@elt \input \@optionfiles 
                                                  \let \@elt \relax \makeato...
l.5 ...lepage,11pt,twoside,idx,dvidriver]{article}
                                                  
Please type another input file name: 
! Emergency stop.
<to be read again> 
                   \relax 
\@optionfiles ...ge.sty\relax \@elt idx.sty\relax 
                                                  \@elt dvidriver.sty\relax 
\@documentstyle ...let \@elt \input \@optionfiles 
                                                  \let \@elt \relax \makeato...
l.5 ...lepage,11pt,twoside,idx,dvidriver]{article}
                                                  
End of file on the terminal!

 
Here is how much of TeX's memory you used:
 148 strings out of 1527
 1462 string characters out of 9247
 25962 words of memory out of 65532
 2093 multiletter control sequences out of 3000
 18996 words of font info for 72 fonts, out of 36000 for 120
 0 hyphenation exceptions out of 307
 12i,0n,17p,200b,15s stack positions out of 200i,40n,60p,500b,2000s
No pages of output.
