This is TeX, Tops-20 Version 2.5 (preloaded format=lplain 87.10.10)  21 OCT 1987 18:46
**dviman.ltx
(APS:<BEEBE.TEX.DVI.DOC>DVIMAN.LTX.128
LaTeX Version 2.09 <20 Jul 1987>
(APS:<TEX.LATEX>ARTICLE.STY.4
Document Style `article' <9 Jun 87>.
(APS:<TEX.LATEX>ART11.STY.3)
\c@part=\count78
\c@section=\count79
\c@subsection=\count80
\c@subsubsection=\count81
\c@paragraph=\count82
\c@subparagraph=\count83
\c@figure=\count84
\c@table=\count85
) (APS:<BEEBE.TEX.DVI.DOC>DVIDRIVER.STY.7)
No file dviman.aux.
[1

] [2] [3] [4] [5] [6] [7]
Overfull \hbox (1.65408pt too wide) in paragraph at lines 497--505, p.2
\elvtt dvifilename\elvrm ) fol-lowed by a new-line; the user may then de-fine \
elvtt DVISPOOL:

\hbox(8.2125+2.73749)x341.02924, glue set - 1.0
.\elvtt d
.\elvtt v
.\elvtt i
.\elvtt f
.\elvtt i
.etc.

[8] [9] [10] [11] [12] [13]
Overfull \hbox (7.91602pt too wide) in paragraph at lines 823--823, p.2
[]\elvtt 300 72 div 300 72 div scale % revert to standard 1/72 inch units[] 

\hbox(7.60416+0.91249)x360.0
.\hbox(0.0+0.0)x0.0
.\elvtt 3
.\elvtt 0
.\elvtt 0
.\penalty 10000
.etc.

[14] [15]
Overfull \hbox (8.07219pt too wide) in paragraph at lines 895--907, p.2
\elvrm a 300-dot/inch de-vice might cor-re-spond to the files \elvtt texfonts:-


\hbox(8.2125+2.73749)x288.06413, glue set - 1.0
.\elvrm a
.\glue 3.65 plus 1.825 minus 1.21666
.\elvrm 3
.\elvrm 0
.\elvrm 0
.etc.


Overfull \hbox (5.75797pt too wide) in paragraph at lines 895--907, p.2
\elvtt cmr10.-300gf\elvrm , \elvtt texfonts:-cmr10.-300pk\elvrm , or \elvtt tex
fonts:-cmr10.-

\hbox(6.69167+2.43333)x288.06413, glue set - 1.0
.\elvtt c
.\elvtt m
.\elvtt r
.\elvtt 1
.\elvtt 0
.etc.

[16] [17]
Overfull \hbox (5.93524pt too wide) in paragraph at lines 996--999, p.2
[] []\elvrm Environment vari-able (4.xBSD Unix only) defin-

\hbox(8.2125+2.73749)x220.881, glue set - 1.0
.\hbox(0.0+0.0)x0.0
.\glue 0.0
.\hbox(6.69167+0.0)x0.0
..\glue 0.0
..\glue -126.47113
..\glue -5.475
..\hbox(6.69167+0.0)x126.47113, glue set 80.48163fil
...\hbox(6.69167+0.0)x45.9895 []
...\glue 0.0 plus 1.0fil
..\glue 5.475
.\penalty 0
.\elvrm E
.etc.


Overfull \hbox (2.43849pt too wide) in paragraph at lines 1000--1003, p.2
[] []\elvrm Logical name (TOPS-20 only) defin-ing pro-gram

\hbox(8.2125+2.73749)x220.881, glue set - 1.0
.\hbox(0.0+0.0)x0.0
.\glue 0.0
.\hbox(6.69167+0.0)x0.0
..\glue 0.0
..\glue -126.47113
..\glue -5.475
..\hbox(6.69167+0.0)x126.47113, glue set 74.73294fil
...\hbox(6.69167+0.0)x51.73819 []
...\glue 0.0 plus 1.0fil
..\glue 5.475
.\penalty 0
.\elvrm L
.etc.


Overfull \hbox (7.6397pt too wide) in paragraph at lines 1013--1017, p.2
[] []\elvrm Post-Script header file con-tain-ing stan-dard macro

\hbox(7.60416+2.43333)x220.881, glue set - 1.0
.\hbox(0.0+0.0)x0.0
.\glue 0.0
.\hbox(6.69167+2.43333)x0.0
..\glue 0.0
..\glue -126.47113
..\glue -5.475
..\hbox(6.69167+2.43333)x126.47113, glue set 17.24606fil
...\hbox(6.69167+2.43333)x109.22507 []
...\glue 0.0 plus 1.0fil
..\glue 5.475
.\penalty 0
.\elvrm P
.etc.

[18] [19] (APS:<BEEBE.TEX.DVI.DOC>DVIMAN.AUX.22) 
Here is how much of TeX's memory you used:
 190 strings out of 2494
 1613 string characters out of 29303
 32718 words of memory out of 65501
 2131 multiletter control sequences out of 3300
 19548 words of font info for 74 fonts, out of 35000 for 100
 14 hyphenation exceptions out of 307
 13i,5n,15p,161b,364s stack positions out of 200i,40n,60p,500b,600s

Output written on APS:<BEEBE.TEX.DVI.DOC>DVIMAN.DVI.1 (19 pages, 50944 bytes).
