This is TeX, C Version 2.9 (preloaded format=plain 88.11.14)  7 FEB 1989 12:40
**&plain dviman
(dviman.tex (/usr/tex/macros/texinfo.tex
Loading texinfo package [Version 1.13]:  Basics,
\bindingoffset=\dimen16
\normaloffset=\dimen17
\pagewidth=\dimen18
\pageheight=\dimen19
\cornerlong=\dimen20
\cornerthick=\dimen21
\topandbottommargin=\dimen22
\outerhsize=\dimen23
\outervsize=\dimen24
\EMsimple=\toks12
\singlespaceskip=\skip18
 fonts,
\fontdepth=\count25
 page headings,
\evenheadline=\toks13
\oddheadline=\toks14
\evenfootline=\toks15
\oddfootline=\toks16
 tables,
\tableindent=\dimen25
\itemindent=\dimen26
\itemmargin=\dimen27
\itemmax=\dimen28
\itemno=\count26

indexing,
\initialskipamount=\skip19
\secondaryindent=\skip20
\partialpage=\box16
\doublecolumnhsize=\dimen29
\doublecolumnvsize=\dimen30
 sectioning,
\chapno=\count27
\secno=\count28
\subsecno=\count29
\subsubsecno=\count30
\appendixno=\count31
\contentsfile=\write0
\chapheadingskip=\skip21
\subsecheadingskip=\skip22
\secheadingskip=\skip23
 toc printing, environments,
\lispnarrowing=\skip24
\aboveenvskipamount=\skip25
 defuns,
\defbodyindent=\skip26
\defargsindent=\skip27
\deftypemargin=\skip28
\deflastargmargin=\skip29
\parencount=\count32
 cross reference,
\auxfile=\write1

(dviman.aux)
\footnoteno=\count33
 and turning on texinfo input format.
\cpindfile=\write2
\fnindfile=\write3
\vrindfile=\write4
\tpindfile=\write5
\kyindfile=\write6
\pgindfile=\write7
) [1] [1] [2] [3] [4] [5]
[6] [7] [8] [9] [10] [11] [12] [13] [14] [15] [16] [17] 
Here is how much of TeX's memory you used:
 538 strings out of 2589
 4770 string characters out of 18140
 20333 words of memory out of 65532
 1392 multiletter control sequences out of 3000
 21206 words of font info for 71 fonts, out of 36000 for 120
 18 hyphenation exceptions out of 307
 10i,5n,10p,156b,99s stack positions out of 200i,40n,60p,500b,2000s

Output written on dviman.dvi (18 pages, 46212 bytes).
