cc -DBSD43 -O -DDOBACKUPS -DCRYPT_PATH=\"/usr/bin/bdes\" -DBDES -c cmds.c
cc -DBSD43 -O -DCRYPT_PATH=\"/usr/bin/bdes\" -DBDES -DDOBACKUPS -c crypt.c
cc -DBSD43 -O -c format.c
yacc -d gram.y
mv y.tab.c gram.c
cc -DBSD43 -O -c gram.c
sed < gram.y > experres.h -f eres.sed
sed < gram.y > statres.h -f sres.sed
cc -DBSD43 -O -DCRYPT_PATH=\"/usr/bin/bdes\" -DBDES -c help.c
cc -DBSD43 -O  -DSIGVOID  -DREGEX    -c interp.c
cc -DBSD43 -O   -DSIGVOID -DNONOTIMEOUT -c lex.c
cc -DBSD43 -O -DHAVE_STRING_H -c regex.c
cc -DBSD43 -O -c range.c
cc -DBSD43 -O -DCRYPT_PATH=\"/usr/bin/bdes\" -DDFLT_PAGER=\"more\"	  -DSIGVOID -DSAVENAME=\"SC.SAVE\" -c sc.c
cc -DBSD43 -O  -DIDLOKBAD -DINTERNATIONAL  -DSIGVOID  -c screen.c
cc -DBSD43 -O -c version.c
cc -DBSD43 -O -c vi.c
cc -DBSD43 -O -c vmtbl.c
cc -DBSD43 -O -c xmalloc.c
cc  cmds.o crypt.o format.o gram.o help.o interp.o lex.o regex.o range.o sc.o  screen.o version.o vi.o vmtbl.o xmalloc.o -lm -lcurses -ltermcap -o sc
rm -f pvmtbl.c
ln vmtbl.c pvmtbl.c
cc -DBSD43 -O -c -DPSC pvmtbl.c
rm -f pxmalloc.c
ln xmalloc.c pxmalloc.c
cc -DBSD43 -O -c -DPSC pxmalloc.c
cc -DBSD43 -O  -o psc psc.c pvmtbl.o pxmalloc.o 
rm -f qhelp.c
ln help.c qhelp.c
cc -DBSD43 -O  -DQREF -DTROFF -DSCNAME=\"SC\" -o scqref qhelp.c
