This is TeX, C Version 3.14t3 (format=plain 91.10.29)  20 MAR 1992 09:58
**dvitype.tex
(dvitype.tex (/usr/local/lib/tex/macros/webmac.tex
\bak=\box16
\bakk=\box17
\ind=\count26
\pagewidth=\dimen16
\pageheight=\dimen17
\fullpageheight=\dimen18
\pageshift=\dimen19
\cont=\write0
\sbox=\box18
\lbox=\box19
) *1 [402] [403] [404] *8
[405] [406] *13 [407] [408] [409] [410] [411] [412] [413] *21 [414] [415]
[416] [417] *29 [418] [419] [420] [421] [422] *41 [423] [424] [425] [426]
[427] *57 [428] [429] [430] *67 [431] *71 [432] [433] [434] [435] [436]
[437] [438] [439] [440] [441] *95 [442] *99 [443] *102 [444] [445] *106
[446] [447] *111 [448] *112 Index: [449] [450] [451] [452] Section names:
[453] Table of contents: (CONTENTS.tex) [401] )
Output written on dvitype.dvi (53 pages, 242312 bytes).
